Arguments: 
  C:\Program Files\nodejs\node.exe C:\Users\Сергій\AppData\Roaming\npm\node_modules\yarn\bin\yarn.js init

PATH: 
  C:\Users\Сергій\AppData\Roaming\npm;C:\Program Files\nodejs\;C:\ProgramData\Oracle\Java\javapath;C:\WINDOWS\system32;C:\WINDOWS;C:\WINDOWS\System32\Wbem;C:\WINDOWS\System32\WindowsPowerShell\v1.0\;C:\Program Files (x86)\Skype\Phone\;C:\Program Files\PuTTY\;C:\Program Files\Git\cmd;C:\Program Files\nodejs\;C:\Program Files\Git\cmd;C:\Ruby24-x64\bin;C:\Users\Сергій\AppData\Local\Microsoft\WindowsApps;C:\Program Files\Heroku\bin;C:\Users\Сергій\AppData\Roaming\npm;E:\Programs\Android-SDK\tool;E:\Programs\Android-SDK\platform-tools;E:\Programs\Android-SDK\emulator;E:\Programs\Android-SDK\tool\bin;

Yarn version: 
  1.3.2

Node version: 
  8.9.4

Platform: 
  win32 x64

npm manifest: 
  {
    "name": "minesweeper",
    "version": "0.1.0",
    "private": true,
    "dependencies": {
      "react": "^16.2.0",
      "react-apollo": "^2.0.4",
      "react-dom": "^16.2.0",
      "react-redux": "^5.0.6",
      "react-scripts": "1.1.0",
      "redux": "^3.7.2"
    },
    "scripts": {
      "start": "webpack-dev-server"
    },
    "devDependencies": {
      "babel-cli": "^6.26.0",
      "babel-core": "^6.26.0",
      "babel-loader": "^7.1.2",
      "babel-polyfill": "^6.26.0",
      "babel-preset-es2015": "^6.24.1",
      "babel-preset-es2017": "^6.24.1",
      "babel-preset-react": "^6.24.1",
      "babel-preset-stage-2": "^6.24.1",
      "css-loader": "^0.28.9",
      "html-webpack-plugin": "^2.30.1",
      "node-sass": "^4.7.2",
      "react-hot-loader": "^3.1.3",
      "sass-loader": "^6.0.6",
      "style-loader": "^0.19.1",
      "webpack": "^2.4.1",
      "webpack-dev-server": "^2.11.1"
    }
  }

yarn manifest: 
  No manifest

Lockfile: 
  No lockfile

Trace: 
  Error: canceled
      at Interface.<anonymous> (C:\Users\Сергій\AppData\Roaming\npm\node_modules\yarn\lib\cli.js:121045:13)
      at emitNone (events.js:106:13)
      at Interface.emit (events.js:208:7)
      at Interface._ttyWrite (readline.js:775:16)
      at ReadStream.onkeypress (readline.js:160:10)
      at emitTwo (events.js:126:13)
      at ReadStream.emit (events.js:214:7)
      at emitKeys (internal/readline.js:420:14)
      at emitKeys.next (<anonymous>)
      at ReadStream.onData (readline.js:1011:36)
